<?xml version="1.0" encoding="UTF-8"?>
<testsuite name="fisrtSWproject.WHProject.WhProjectApplicationTests" tests="1" skipped="0" failures="0" errors="0" timestamp="2022-09-07T13:58:29" hostname="sooui-MacBookAir.local" time="0.6">
  <properties/>
  <testcase name="contextLoads()" classname="fisrtSWproject.WHProject.WhProjectApplicationTests" time="0.6"/>
  <system-out><![CDATA[22:58:25.120 [Test worker] DEBUG org.springframework.test.context.BootstrapUtils - Instantiating CacheAwareContextLoaderDelegate from class [org.springframework.test.context.cache.DefaultCacheAwareContextLoaderDelegate]
22:58:25.137 [Test worker] DEBUG org.springframework.test.context.BootstrapUtils - Instantiating BootstrapContext using constructor [public org.springframework.test.context.support.DefaultBootstrapContext(java.lang.Class,org.springframework.test.context.CacheAwareContextLoaderDelegate)]
22:58:25.213 [Test worker] DEBUG org.springframework.test.context.BootstrapUtils - Instantiating TestContextBootstrapper for test class [fisrtSWproject.WHProject.WhProjectApplicationTests] from class [org.springframework.boot.test.context.SpringBootTestContextBootstrapper]
22:58:25.235 [Test worker] INFO org.springframework.boot.test.context.SpringBootTestContextBootstrapper - Neither @ContextConfiguration nor @ContextHierarchy found for test class [fisrtSWproject.WHProject.WhProjectApplicationTests], using SpringBootContextLoader
22:58:25.241 [Test worker] DEBUG org.springframework.test.context.support.AbstractContextLoader - Did not detect default resource location for test class [fisrtSWproject.WHProject.WhProjectApplicationTests]: class path resource [fisrtSWproject/WHProject/WhProjectApplicationTests-context.xml] does not exist
22:58:25.241 [Test worker] DEBUG org.springframework.test.context.support.AbstractContextLoader - Did not detect default resource location for test class [fisrtSWproject.WHProject.WhProjectApplicationTests]: class path resource [fisrtSWproject/WHProject/WhProjectApplicationTestsContext.groovy] does not exist
22:58:25.241 [Test worker] INFO org.springframework.test.context.support.AbstractContextLoader - Could not detect default resource locations for test class [fisrtSWproject.WHProject.WhProjectApplicationTests]: no resource found for suffixes {-context.xml, Context.groovy}.
22:58:25.242 [Test worker] INFO org.springframework.test.context.support.AnnotationConfigContextLoaderUtils - Could not detect default configuration classes for test class [fisrtSWproject.WHProject.WhProjectApplicationTests]: WhProjectApplicationTests does not declare any static, non-private, non-final, nested classes annotated with @Configuration.
22:58:25.307 [Test worker] DEBUG org.springframework.test.context.support.ActiveProfilesUtils - Could not find an 'annotation declaring class' for annotation type [org.springframework.test.context.ActiveProfiles] and class [fisrtSWproject.WHProject.WhProjectApplicationTests]
22:58:25.416 [Test worker] DEBUG org.springframework.context.annotation.ClassPathScanningCandidateComponentProvider - Identified candidate component class: file [/Users/soo/Documents/GitHub/WHProject/build/classes/java/main/fisrtSWproject/WHProject/WhProjectApplication.class]
22:58:25.420 [Test worker] INFO org.springframework.boot.test.context.SpringBootTestContextBootstrapper - Found @SpringBootConfiguration fisrtSWproject.WHProject.WhProjectApplication for test class fisrtSWproject.WHProject.WhProjectApplicationTests
22:58:25.544 [Test worker] DEBUG org.springframework.boot.test.context.SpringBootTestContextBootstrapper - @TestExecutionListeners is not present for class [fisrtSWproject.WHProject.WhProjectApplicationTests]: using defaults.
22:58:25.545 [Test worker] INFO org.springframework.boot.test.context.SpringBootTestContextBootstrapper - Loaded default TestExecutionListener class names from location [META-INF/spring.factories]: [org.springframework.boot.test.autoconfigure.restdocs.RestDocsTestExecutionListener, org.springframework.boot.test.autoconfigure.web.client.MockRestServiceServerResetTestExecutionListener, org.springframework.boot.test.autoconfigure.web.servlet.MockMvcPrintOnlyOnFailureTestExecutionListener, org.springframework.boot.test.autoconfigure.web.servlet.WebDriverTestExecutionListener, org.springframework.boot.test.autoconfigure.webservices.client.MockWebServiceServerTestExecutionListener, org.springframework.boot.test.mock.mockito.MockitoTestExecutionListener, org.springframework.boot.test.mock.mockito.ResetMocksTestExecutionListener, org.springframework.test.context.web.ServletTestExecutionListener, org.springframework.test.context.support.DirtiesContextBeforeModesTestExecutionListener, org.springframework.test.context.event.ApplicationEventsTestExecutionListener, org.springframework.test.context.support.DependencyInjectionTestExecutionListener, org.springframework.test.context.support.DirtiesContextTestExecutionListener, org.springframework.test.context.transaction.TransactionalTestExecutionListener, org.springframework.test.context.jdbc.SqlScriptsTestExecutionListener, org.springframework.test.context.event.EventPublishingTestExecutionListener]
22:58:25.562 [Test worker] DEBUG org.springframework.boot.test.context.SpringBootTestContextBootstrapper - Skipping candidate TestExecutionListener [org.springframework.test.context.transaction.TransactionalTestExecutionListener] due to a missing dependency. Specify custom listener classes or make the default listener classes and their required dependencies available. Offending class: [org/springframework/transaction/interceptor/TransactionAttributeSource]
22:58:25.563 [Test worker] DEBUG org.springframework.boot.test.context.SpringBootTestContextBootstrapper - Skipping candidate TestExecutionListener [org.springframework.test.context.jdbc.SqlScriptsTestExecutionListener] due to a missing dependency. Specify custom listener classes or make the default listener classes and their required dependencies available. Offending class: [org/springframework/transaction/interceptor/TransactionAttribute]
22:58:25.563 [Test worker] INFO org.springframework.boot.test.context.SpringBootTestContextBootstrapper - Using TestExecutionListeners: [org.springframework.test.context.web.ServletTestExecutionListener@7c209437, org.springframework.test.context.support.DirtiesContextBeforeModesTestExecutionListener@2262b621, org.springframework.test.context.event.ApplicationEventsTestExecutionListener@7e928e2f, org.springframework.boot.test.mock.mockito.MockitoTestExecutionListener@f667fe, org.springframework.boot.test.autoconfigure.SpringBootDependencyInjectionTestExecutionListener@788fcafb, org.springframework.test.context.support.DirtiesContextTestExecutionListener@4febb875, org.springframework.test.context.event.EventPublishingTestExecutionListener@25e2a451, org.springframework.boot.test.autoconfigure.restdocs.RestDocsTestExecutionListener@1698ee84, org.springframework.boot.test.autoconfigure.web.client.MockRestServiceServerResetTestExecutionListener@10c626be, org.springframework.boot.test.autoconfigure.web.servlet.MockMvcPrintOnlyOnFailureTestExecutionListener@2fc0cc3, org.springframework.boot.test.autoconfigure.web.servlet.WebDriverTestExecutionListener@328cf0e1, org.springframework.boot.test.autoconfigure.webservices.client.MockWebServiceServerTestExecutionListener@63b1d4fa, org.springframework.boot.test.mock.mockito.ResetMocksTestExecutionListener@42e3ede4]
22:58:25.567 [Test worker] DEBUG org.springframework.test.context.support.AbstractDirtiesContextTestExecutionListener - Before test class: context [DefaultTestContext@10993713 testClass = WhProjectApplicationTests, testInstance = [null], testMethod = [null], testException = [null], mergedContextConfiguration = [WebMergedContextConfiguration@58359ebd testClass = WhProjectApplicationTests, locations = '{}', classes = '{class fisrtSWproject.WHProject.WhProjectApplication}', contextInitializerClasses = '[]', activeProfiles = '{}', propertySourceLocations = '{}', propertySourceProperties = '{org.springframework.boot.test.context.SpringBootTestContextBootstrapper=true}', contextCustomizers = set[org.springframework.boot.test.autoconfigure.actuate.metrics.MetricsExportContextCustomizerFactory$DisableMetricExportContextCustomizer@7fbdb894, org.springframework.boot.test.autoconfigure.properties.PropertyMappingContextCustomizer@0, org.springframework.boot.test.autoconfigure.web.servlet.WebDriverContextCustomizerFactory$Customizer@8e50104, org.springframework.boot.test.context.filter.ExcludeFilterContextCustomizer@45a37759, org.springframework.boot.test.json.DuplicateJsonObjectContextCustomizerFactory$DuplicateJsonObjectContextCustomizer@1838ccb8, org.springframework.boot.test.mock.mockito.MockitoContextCustomizer@0, org.springframework.boot.test.web.client.TestRestTemplateContextCustomizer@36a5cabc, org.springframework.boot.test.context.SpringBootTestArgs@1, org.springframework.boot.test.context.SpringBootTestWebEnvironment@7c9d8e2], resourceBasePath = 'src/main/webapp', contextLoader = 'org.springframework.boot.test.context.SpringBootContextLoader', parent = [null]], attributes = map['org.springframework.test.context.web.ServletTestExecutionListener.activateListener' -> true]], class annotated with @DirtiesContext [false] with mode [null].

  .   ____          _            __ _ _
 /\\ / ___'_ __ _ _(_)_ __  __ _ \ \ \ \
( ( )\___ | '_ | '_| | '_ \/ _` | \ \ \ \
 \\/  ___)| |_)| | | | | || (_| |  ) ) ) )
  '  |____| .__|_| |_|_| |_\__, | / / / /
 =========|_|==============|___/=/_/_/_/
 :: Spring Boot ::                (v2.7.3)

2022-09-07 22:58:26.184  INFO 51298 --- [    Test worker] f.WHProject.WhProjectApplicationTests    : Starting WhProjectApplicationTests using Java 17.0.4 on sooui-MacBookAir.local with PID 51298 (started by soo in /Users/soo/Documents/GitHub/WHProject)
2022-09-07 22:58:26.191  INFO 51298 --- [    Test worker] f.WHProject.WhProjectApplicationTests    : No active profile set, falling back to 1 default profile: "default"
2022-09-07 22:58:29.018  INFO 51298 --- [    Test worker] o.s.b.a.w.s.WelcomePageHandlerMapping    : Adding welcome page template: index
2022-09-07 22:58:29.557  INFO 51298 --- [    Test worker] f.WHProject.WhProjectApplicationTests    : Started WhProjectApplicationTests in 3.926 seconds (JVM running for 5.957)
]]></system-out>
  <system-err><![CDATA[]]></system-err>
</testsuite>
